# JRE version: OpenJDK Runtime Environment (21.0.5) (build 21.0.5+-13047016-b750.29)
# Java VM: OpenJDK 64-Bit Server VM (21.0.5+-13047016-b750.29, mixed mode, tiered, compressed oops, compressed class ptrs, g1 gc, windows-amd64)
GC Precious Log:
 CardTable entry size: 512
 Card Set container configuration: InlinePtr #cards 5 size 8 Array Of Cards #cards 12 size 40 Howl #buckets 4 coarsen threshold 1843 Howl Bitmap #cards 512 size 80 coarsen threshold 460 Card regions per heap region 1 cards per card region 2048
 CPUs: 12 total, 12 available
 Memory: 16076M
 Large Page Support: Disabled
 NUMA Support: Disabled
 Compressed Oops: Enabled (32-bit)
 Heap Region Size: 1M
 Heap Min Capacity: 8M
 Heap Initial Capacity: 252M
 Heap Max Capacity: 2G
 Pre-touch: Disabled
 Parallel Workers: 10
 Concurrent Workers: 3
 Concurrent Refinement Workers: 10
 Periodic GC: Disabled
Heap:
 garbage-first heap   total 160768K, used 126947K [0x0000000080000000, 0x0000000100000000)
  region size 1024K, 35 young (35840K), 5 survivors (5120K)
 Metaspace       used 109373K, committed 111488K, reserved 1179648K
  class space    used 15098K, committed 16192K, reserved 1048576K
GC Heap History (20 events):
Event: 60.921 GC heap before
{Heap before GC invocations=28 (full 0):
 garbage-first heap   total 128000K, used 107363K [0x0000000080000000, 0x0000000100000000)
  region size 1024K, 31 young (31744K), 1 survivors (1024K)
 Metaspace       used 81449K, committed 83264K, reserved 1179648K
  class space    used 10956K, committed 11840K, reserved 1048576K
}
Event: 60.925 GC heap after
{Heap after GC invocations=29 (full 0):
 garbage-first heap   total 128000K, used 77425K [0x0000000080000000, 0x0000000100000000)
  region size 1024K, 2 young (2048K), 2 survivors (2048K)
 Metaspace       used 81449K, committed 83264K, reserved 1179648K
  class space    used 10956K, committed 11840K, reserved 1048576K
}
Event: 63.913 GC heap before
{Heap before GC invocations=29 (full 0):
 garbage-first heap   total 128000K, used 122481K [0x0000000080000000, 0x0000000100000000)
  region size 1024K, 41 young (41984K), 2 survivors (2048K)
 Metaspace       used 84724K, committed 86592K, reserved 1179648K
  class space    used 11413K, committed 12352K, reserved 1048576K
}
Event: 63.927 GC heap after
{Heap after GC invocations=30 (full 0):
 garbage-first heap   total 131072K, used 82160K [0x0000000080000000, 0x0000000100000000)
  region size 1024K, 6 young (6144K), 6 survivors (6144K)
 Metaspace       used 84724K, committed 86592K, reserved 1179648K
  class space    used 11413K, committed 12352K, reserved 1048576K
}
Event: 65.990 GC heap before
{Heap before GC invocations=30 (full 0):
 garbage-first heap   total 131072K, used 116976K [0x0000000080000000, 0x0000000100000000)
  region size 1024K, 40 young (40960K), 6 survivors (6144K)
 Metaspace       used 87483K, committed 89344K, reserved 1179648K
  class space    used 11745K, committed 12672K, reserved 1048576K
}
Event: 66.000 GC heap after
{Heap after GC invocations=31 (full 0):
 garbage-first heap   total 131072K, used 84308K [0x0000000080000000, 0x0000000100000000)
  region size 1024K, 3 young (3072K), 3 survivors (3072K)
 Metaspace       used 87483K, committed 89344K, reserved 1179648K
  class space    used 11745K, committed 12672K, reserved 1048576K
}
Event: 68.175 GC heap before
{Heap before GC invocations=32 (full 0):
 garbage-first heap   total 143360K, used 119124K [0x0000000080000000, 0x0000000100000000)
  region size 1024K, 37 young (37888K), 3 survivors (3072K)
 Metaspace       used 89407K, committed 91328K, reserved 1179648K
  class space    used 12026K, committed 12992K, reserved 1048576K
}
Event: 68.186 GC heap after
{Heap after GC invocations=33 (full 0):
 garbage-first heap   total 143360K, used 88241K [0x0000000080000000, 0x0000000100000000)
  region size 1024K, 5 young (5120K), 5 survivors (5120K)
 Metaspace       used 89407K, committed 91328K, reserved 1179648K
  class space    used 12026K, committed 12992K, reserved 1048576K
}
Event: 70.238 GC heap before
{Heap before GC invocations=33 (full 0):
 garbage-first heap   total 143360K, used 130225K [0x0000000080000000, 0x0000000100000000)
  region size 1024K, 46 young (47104K), 5 survivors (5120K)
 Metaspace       used 91146K, committed 93056K, reserved 1179648K
  class space    used 12248K, committed 13184K, reserved 1048576K
}
Event: 70.267 GC heap after
{Heap after GC invocations=34 (full 0):
 garbage-first heap   total 143360K, used 89879K [0x0000000080000000, 0x0000000100000000)
  region size 1024K, 4 young (4096K), 4 survivors (4096K)
 Metaspace       used 91146K, committed 93056K, reserved 1179648K
  class space    used 12248K, committed 13184K, reserved 1048576K
}
Event: 71.876 GC heap before
{Heap before GC invocations=34 (full 0):
 garbage-first heap   total 143360K, used 110359K [0x0000000080000000, 0x0000000100000000)
  region size 1024K, 25 young (25600K), 4 survivors (4096K)
 Metaspace       used 92609K, committed 94528K, reserved 1179648K
  class space    used 12475K, committed 13440K, reserved 1048576K
}
Event: 71.884 GC heap after
{Heap after GC invocations=35 (full 0):
 garbage-first heap   total 143360K, used 91094K [0x0000000080000000, 0x0000000100000000)
  region size 1024K, 5 young (5120K), 5 survivors (5120K)
 Metaspace       used 92609K, committed 94528K, reserved 1179648K
  class space    used 12475K, committed 13440K, reserved 1048576K
}
Event: 73.156 GC heap before
{Heap before GC invocations=36 (full 0):
 garbage-first heap   total 155648K, used 128982K [0x0000000080000000, 0x0000000100000000)
  region size 1024K, 41 young (41984K), 5 survivors (5120K)
 Metaspace       used 95564K, committed 97600K, reserved 1179648K
  class space    used 12998K, committed 14016K, reserved 1048576K
}
Event: 73.159 GC heap after
{Heap after GC invocations=37 (full 0):
 garbage-first heap   total 155648K, used 91831K [0x0000000080000000, 0x0000000100000000)
  region size 1024K, 3 young (3072K), 3 survivors (3072K)
 Metaspace       used 95564K, committed 97600K, reserved 1179648K
  class space    used 12998K, committed 14016K, reserved 1048576K
}
Event: 73.874 GC heap before
{Heap before GC invocations=37 (full 0):
 garbage-first heap   total 155648K, used 142007K [0x0000000080000000, 0x0000000100000000)
  region size 1024K, 52 young (53248K), 3 survivors (3072K)
 Metaspace       used 99194K, committed 101248K, reserved 1179648K
  class space    used 13560K, committed 14592K, reserved 1048576K
}
Event: 73.879 GC heap after
{Heap after GC invocations=38 (full 0):
 garbage-first heap   total 155648K, used 93479K [0x0000000080000000, 0x0000000100000000)
  region size 1024K, 5 young (5120K), 5 survivors (5120K)
 Metaspace       used 99194K, committed 101248K, reserved 1179648K
  class space    used 13560K, committed 14592K, reserved 1048576K
}
Event: 74.667 GC heap before
{Heap before GC invocations=38 (full 0):
 garbage-first heap   total 155648K, used 140583K [0x0000000080000000, 0x0000000100000000)
  region size 1024K, 51 young (52224K), 5 survivors (5120K)
 Metaspace       used 103353K, committed 105472K, reserved 1179648K
  class space    used 14166K, committed 15232K, reserved 1048576K
}
Event: 74.675 GC heap after
{Heap after GC invocations=39 (full 0):
 garbage-first heap   total 155648K, used 95629K [0x0000000080000000, 0x0000000100000000)
  region size 1024K, 6 young (6144K), 6 survivors (6144K)
 Metaspace       used 103353K, committed 105472K, reserved 1179648K
  class space    used 14166K, committed 15232K, reserved 1048576K
}
Event: 75.547 GC heap before
{Heap before GC invocations=40 (full 0):
 garbage-first heap   total 160768K, used 139661K [0x0000000080000000, 0x0000000100000000)
  region size 1024K, 49 young (50176K), 6 survivors (6144K)
 Metaspace       used 107088K, committed 109248K, reserved 1179648K
  class space    used 14726K, committed 15808K, reserved 1048576K
}
Event: 75.555 GC heap after
{Heap after GC invocations=41 (full 0):
 garbage-first heap   total 160768K, used 98275K [0x0000000080000000, 0x0000000100000000)
  region size 1024K, 5 young (5120K), 5 survivors (5120K)
 Metaspace       used 107088K, committed 109248K, reserved 1179648K
  class space    used 14726K, committed 15808K, reserved 1048576K
}

